TN:
SF:src\services\CacheService.js
FN:13,(anonymous_0)
FN:41,(anonymous_1)
FN:42,(anonymous_2)
FN:47,(anonymous_3)
FN:53,(anonymous_4)
FN:58,(anonymous_5)
FN:68,(anonymous_6)
FN:90,(anonymous_7)
FN:110,(anonymous_8)
FN:118,(anonymous_9)
FN:126,(anonymous_10)
FN:127,(anonymous_11)
FN:134,(anonymous_12)
FN:135,(anonymous_13)
FN:147,(anonymous_14)
FN:153,(anonymous_15)
FN:154,(anonymous_16)
FN:163,(anonymous_17)
FN:180,(anonymous_18)
FN:189,(anonymous_19)
FN:191,(anonymous_20)
FN:193,(anonymous_21)
FN:203,(anonymous_22)
FN:206,(anonymous_23)
FN:216,(anonymous_24)
FN:224,(anonymous_25)
FN:231,(anonymous_26)
FN:232,(anonymous_27)
FN:243,(anonymous_28)
FN:244,(anonymous_29)
FN:255,(anonymous_30)
FN:262,(anonymous_31)
FN:275,(anonymous_32)
FN:276,(anonymous_33)
FN:296,(anonymous_34)
FN:304,(anonymous_35)
FNF:36
FNH:12
FNDA:2,(anonymous_0)
FNDA:2,(anonymous_1)
FNDA:2,(anonymous_2)
FNDA:1,(anonymous_3)
FNDA:1,(anonymous_4)
FNDA:2,(anonymous_5)
FNDA:2,(anonymous_6)
FNDA:2,(anonymous_7)
FNDA:0,(anonymous_8)
FNDA:0,(anonymous_9)
FNDA:0,(anonymous_10)
FNDA:0,(anonymous_11)
FNDA:0,(anonymous_12)
FNDA:0,(anonymous_13)
FNDA:0,(anonymous_14)
FNDA:0,(anonymous_15)
FNDA:0,(anonymous_16)
FNDA:0,(anonymous_17)
FNDA:2,(anonymous_18)
FNDA:0,(anonymous_19)
FNDA:0,(anonymous_20)
FNDA:0,(anonymous_21)
FNDA:0,(anonymous_22)
FNDA:0,(anonymous_23)
FNDA:0,(anonymous_24)
FNDA:4,(anonymous_25)
FNDA:0,(anonymous_26)
FNDA:0,(anonymous_27)
FNDA:2,(anonymous_28)
FNDA:0,(anonymous_29)
FNDA:0,(anonymous_30)
FNDA:2,(anonymous_31)
FNDA:0,(anonymous_32)
FNDA:0,(anonymous_33)
FNDA:0,(anonymous_34)
FNDA:0,(anonymous_35)
DA:8,2
DA:9,2
DA:10,2
DA:14,2
DA:15,2
DA:17,2
DA:26,2
DA:27,2
DA:35,2
DA:42,2
DA:43,2
DA:44,2
DA:47,2
DA:48,1
DA:49,1
DA:50,1
DA:53,2
DA:54,1
DA:55,1
DA:58,2
DA:59,2
DA:60,2
DA:61,2
DA:69,2
DA:70,0
DA:73,2
DA:74,2
DA:76,2
DA:77,1
DA:78,1
DA:79,1
DA:81,1
DA:82,1
DA:83,1
DA:91,2
DA:92,0
DA:95,2
DA:96,2
DA:98,2
DA:100,2
DA:101,0
DA:104,2
DA:111,0
DA:112,0
DA:119,0
DA:120,0
DA:127,0
DA:128,0
DA:135,0
DA:141,0
DA:148,0
DA:150,0
DA:151,0
DA:152,0
DA:153,0
DA:154,0
DA:157,0
DA:164,0
DA:166,0
DA:181,2
DA:182,2
DA:183,2
DA:190,0
DA:191,0
DA:193,0
DA:194,0
DA:197,0
DA:204,0
DA:206,0
DA:207,0
DA:210,0
DA:217,0
DA:218,0
DA:225,4
DA:232,0
DA:233,0
DA:234,0
DA:236,0
DA:244,2
DA:245,0
DA:246,0
DA:247,0
DA:256,0
DA:263,2
DA:276,0
DA:277,0
DA:278,0
DA:281,0
DA:283,0
DA:285,0
DA:286,0
DA:289,0
DA:297,0
DA:298,0
DA:305,0
DA:307,0
DA:325,2
LF:97
LH:46
BRDA:68,0,0,2
BRDA:69,1,0,0
BRDA:69,1,1,2
BRDA:76,2,0,1
BRDA:76,2,1,1
BRDA:90,3,0,0
BRDA:90,4,0,2
BRDA:90,5,0,2
BRDA:91,6,0,0
BRDA:91,6,1,2
BRDA:96,7,0,2
BRDA:96,7,1,0
BRDA:100,8,0,0
BRDA:100,8,1,2
BRDA:100,9,0,2
BRDA:100,9,1,2
BRDA:110,10,0,0
BRDA:118,11,0,0
BRDA:126,12,0,0
BRDA:134,13,0,0
BRDA:134,14,0,0
BRDA:138,15,0,0
BRDA:138,15,1,0
BRDA:147,16,0,0
BRDA:150,17,0,0
BRDA:150,17,1,0
BRDA:171,18,0,0
BRDA:171,18,1,0
BRDA:216,19,0,0
BRDA:233,20,0,0
BRDA:233,20,1,0
BRDA:246,21,0,0
BRDA:246,21,1,0
BRDA:256,22,0,0
BRDA:256,22,1,0
BRDA:275,23,0,0
BRDA:275,24,0,0
BRDA:275,25,0,0
BRDA:277,26,0,0
BRDA:277,26,1,0
BRDA:283,27,0,0
BRDA:283,27,1,0
BRF:42
BRH:11
end_of_record
TN:
SF:src\services\ConfigService.js
FN:12,getLogger
FN:21,(anonymous_1)
FN:32,(anonymous_2)
FN:74,(anonymous_3)
FN:78,(anonymous_4)
FN:176,(anonymous_5)
FN:202,(anonymous_6)
FN:209,(anonymous_7)
FN:225,(anonymous_8)
FN:242,(anonymous_9)
FN:259,(anonymous_10)
FN:308,(anonymous_11)
FN:315,(anonymous_12)
FN:322,(anonymous_13)
FN:329,(anonymous_14)
FN:347,(anonymous_15)
FN:359,(anonymous_16)
FN:377,(anonymous_17)
FN:384,(anonymous_18)
FN:388,(anonymous_19)
FN:392,(anonymous_20)
FNF:21
FNH:12
FNDA:0,getLogger
FNDA:4,(anonymous_1)
FNDA:4,(anonymous_2)
FNDA:4,(anonymous_3)
FNDA:2,(anonymous_4)
FNDA:4,(anonymous_5)
FNDA:2,(anonymous_6)
FNDA:8,(anonymous_7)
FNDA:8,(anonymous_8)
FNDA:32,(anonymous_9)
FNDA:4,(anonymous_10)
FNDA:0,(anonymous_11)
FNDA:1,(anonymous_12)
FNDA:4,(anonymous_13)
FNDA:0,(anonymous_14)
FNDA:0,(anonymous_15)
FNDA:0,(anonymous_16)
FNDA:0,(anonymous_17)
FNDA:0,(anonymous_18)
FNDA:0,(anonymous_19)
FNDA:0,(anonymous_20)
DA:8,4
DA:9,4
DA:13,0
DA:14,0
DA:16,0
DA:22,4
DA:24,4
DA:25,4
DA:26,4
DA:34,4
DA:76,4
DA:77,4
DA:78,2
DA:80,3
DA:153,4
DA:154,4
DA:155,4
DA:156,4
DA:157,4
DA:159,0
DA:164,4
DA:165,4
DA:167,4
DA:168,4
DA:170,4
DA:177,4
DA:193,4
DA:194,48
DA:195,8
DA:200,4
DA:201,4
DA:202,2
DA:211,8
DA:212,8
DA:215,8
DA:216,3
DA:219,3
DA:226,8
DA:227,8
DA:229,8
DA:230,8
DA:231,0
DA:233,8
DA:236,8
DA:243,32
DA:245,32
DA:246,92
DA:247,28
DA:249,64
DA:253,32
DA:260,4
DA:261,4
DA:264,4
DA:265,4
DA:267,4
DA:268,0
DA:269,4
DA:270,0
DA:273,4
DA:274,1
DA:275,1
DA:277,0
DA:279,3
DA:280,0
DA:283,4
DA:285,1
DA:286,1
DA:288,1
DA:289,1
DA:294,4
DA:295,0
DA:299,4
DA:300,4
DA:301,0
DA:304,4
DA:305,1
DA:307,3
DA:308,0
DA:316,1
DA:323,4
DA:330,0
DA:331,0
DA:333,0
DA:334,0
DA:335,0
DA:337,0
DA:341,0
DA:348,0
DA:349,0
DA:350,0
DA:351,0
DA:353,0
DA:360,0
DA:361,0
DA:362,0
DA:363,0
DA:366,0
DA:367,0
DA:369,0
DA:370,0
DA:378,0
DA:385,0
DA:389,0
DA:393,0
DA:397,4
LF:105
LH:69
BRDA:35,0,0,4
BRDA:35,0,1,0
BRDA:38,1,0,4
BRDA:38,1,1,3
BRDA:39,2,0,4
BRDA:39,2,1,4
BRDA:46,3,0,4
BRDA:46,3,1,4
BRDA:46,3,2,0
BRDA:47,4,0,4
BRDA:47,4,1,4
BRDA:47,4,2,1
BRDA:48,5,0,4
BRDA:48,5,1,4
BRDA:48,5,2,4
BRDA:76,6,0,4
BRDA:76,6,1,4
BRDA:77,7,0,1
BRDA:77,7,1,3
BRDA:80,8,0,1
BRDA:80,8,1,2
BRDA:92,9,0,4
BRDA:92,9,1,4
BRDA:135,10,0,4
BRDA:135,10,1,4
BRDA:135,10,2,4
BRDA:136,11,0,4
BRDA:136,11,1,4
BRDA:136,11,2,4
BRDA:154,12,0,4
BRDA:154,12,1,0
BRDA:167,13,0,4
BRDA:167,13,1,0
BRDA:194,14,0,8
BRDA:194,14,1,40
BRDA:200,15,0,4
BRDA:200,15,1,4
BRDA:201,16,0,1
BRDA:201,16,1,3
BRDA:211,17,0,0
BRDA:211,17,1,8
BRDA:212,18,0,0
BRDA:212,18,1,8
BRDA:215,19,0,5
BRDA:215,19,1,3
BRDA:216,20,0,0
BRDA:216,20,1,3
BRDA:230,21,0,0
BRDA:230,21,1,8
BRDA:230,22,0,8
BRDA:230,22,1,8
BRDA:246,23,0,28
BRDA:246,23,1,64
BRDA:246,24,0,92
BRDA:246,24,1,92
BRDA:246,24,2,32
BRDA:247,25,0,28
BRDA:247,25,1,0
BRDA:267,26,0,0
BRDA:267,26,1,4
BRDA:269,27,0,0
BRDA:269,27,1,4
BRDA:273,28,0,1
BRDA:273,28,1,3
BRDA:274,29,0,1
BRDA:274,29,1,0
BRDA:279,30,0,0
BRDA:279,30,1,3
BRDA:283,31,0,1
BRDA:283,31,1,3
BRDA:285,32,0,1
BRDA:285,32,1,0
BRDA:285,33,0,1
BRDA:285,33,1,1
BRDA:288,34,0,1
BRDA:288,34,1,0
BRDA:288,35,0,1
BRDA:288,35,1,1
BRDA:294,36,0,0
BRDA:294,36,1,4
BRDA:294,37,0,4
BRDA:294,37,1,4
BRDA:300,38,0,0
BRDA:300,38,1,4
BRDA:304,39,0,1
BRDA:304,39,1,3
BRDA:307,40,0,0
BRDA:307,40,1,3
BRDA:329,41,0,0
BRDA:334,42,0,0
BRDA:334,42,1,0
BRDA:334,43,0,0
BRDA:334,43,1,0
BRDA:334,43,2,0
BRDA:348,44,0,0
BRDA:348,44,1,0
BRDA:362,45,0,0
BRDA:362,45,1,0
BRF:98
BRH:70
end_of_record
